[    7485ms] [INFO] %cDownload the React DevTools for a better development experience: https://reactjs.org/link/react-devtools font-weight:bold @ http://localhost:3000/node_modules/.vite/deps/chunk-NUMECXU6.js?v=dc53d38b:21550
[    7514ms] [WARNING] WebSocket connection to 'ws://localhost:3000/ws/2e81129a-9868-42b0-8876-4826b0e586a5' failed: WebSocket is closed before the connection is established. @ http://localhost:3000/src/App.jsx:104
[    7560ms] [ERROR] WebSocket connection to 'ws://localhost:3000/ws/2e81129a-9868-42b0-8876-4826b0e586a5' failed: Connection closed before receiving a handshake response @ http://localhost:3000/src/App.jsx:90
[   10522ms] [ERROR] WebSocket connection to 'ws://localhost:3000/ws/2e81129a-9868-42b0-8876-4826b0e586a5' failed: Connection closed before receiving a handshake response @ http://localhost:3000/src/App.jsx:90
[   10564ms] [ERROR] WebSocket connection to 'ws://localhost:3000/ws/2e81129a-9868-42b0-8876-4826b0e586a5' failed: Connection closed before receiving a handshake response @ http://localhost:3000/src/App.jsx:90
[   13527ms] [ERROR] WebSocket connection to 'ws://localhost:3000/ws/2e81129a-9868-42b0-8876-4826b0e586a5' failed: Connection closed before receiving a handshake response @ http://localhost:3000/src/App.jsx:90
[   13567ms] [ERROR] WebSocket connection to 'ws://localhost:3000/ws/2e81129a-9868-42b0-8876-4826b0e586a5' failed: Connection closed before receiving a handshake response @ http://localhost:3000/src/App.jsx:90
[   16532ms] [ERROR] WebSocket connection to 'ws://localhost:3000/ws/2e81129a-9868-42b0-8876-4826b0e586a5' failed: Connection closed before receiving a handshake response @ http://localhost:3000/src/App.jsx:90
[   16572ms] [ERROR] WebSocket connection to 'ws://localhost:3000/ws/2e81129a-9868-42b0-8876-4826b0e586a5' failed: Connection closed before receiving a handshake response @ http://localhost:3000/src/App.jsx:90
[   19539ms] [ERROR] WebSocket connection to 'ws://localhost:3000/ws/2e81129a-9868-42b0-8876-4826b0e586a5' failed: Connection closed before receiving a handshake response @ http://localhost:3000/src/App.jsx:90
[   19575ms] [ERROR] WebSocket connection to 'ws://localhost:3000/ws/2e81129a-9868-42b0-8876-4826b0e586a5' failed: Connection closed before receiving a handshake response @ http://localhost:3000/src/App.jsx:90
[   22548ms] [ERROR] WebSocket connection to 'ws://localhost:3000/ws/2e81129a-9868-42b0-8876-4826b0e586a5' failed: Connection closed before receiving a handshake response @ http://localhost:3000/src/App.jsx:90
[   22581ms] [ERROR] WebSocket connection to 'ws://localhost:3000/ws/2e81129a-9868-42b0-8876-4826b0e586a5' failed: Connection closed before receiving a handshake response @ http://localhost:3000/src/App.jsx:90
[   25555ms] [ERROR] WebSocket connection to 'ws://localhost:3000/ws/2e81129a-9868-42b0-8876-4826b0e586a5' failed: Connection closed before receiving a handshake response @ http://localhost:3000/src/App.jsx:90
[   25589ms] [ERROR] WebSocket connection to 'ws://localhost:3000/ws/2e81129a-9868-42b0-8876-4826b0e586a5' failed: Connection closed before receiving a handshake response @ http://localhost:3000/src/App.jsx:90
[   28575ms] [ERROR] WebSocket connection to 'ws://localhost:3000/ws/2e81129a-9868-42b0-8876-4826b0e586a5' failed: Connection closed before receiving a handshake response @ http://localhost:3000/src/App.jsx:90
[   28609ms] [ERROR] WebSocket connection to 'ws://localhost:3000/ws/2e81129a-9868-42b0-8876-4826b0e586a5' failed: Connection closed before receiving a handshake response @ http://localhost:3000/src/App.jsx:90
[   31614ms] [ERROR] WebSocket connection to 'ws://localhost:3000/ws/2e81129a-9868-42b0-8876-4826b0e586a5' failed: Connection closed before receiving a handshake response @ http://localhost:3000/src/App.jsx:90
[   31642ms] [ERROR] WebSocket connection to 'ws://localhost:3000/ws/2e81129a-9868-42b0-8876-4826b0e586a5' failed: Connection closed before receiving a handshake response @ http://localhost:3000/src/App.jsx:90
[   34672ms] [ERROR] WebSocket connection to 'ws://localhost:3000/ws/2e81129a-9868-42b0-8876-4826b0e586a5' failed: Connection closed before receiving a handshake response @ http://localhost:3000/src/App.jsx:90
[   34729ms] [ERROR] WebSocket connection to 'ws://localhost:3000/ws/2e81129a-9868-42b0-8876-4826b0e586a5' failed: Connection closed before receiving a handshake response @ http://localhost:3000/src/App.jsx:90
[   37824ms] [ERROR] WebSocket connection to 'ws://localhost:3000/ws/2e81129a-9868-42b0-8876-4826b0e586a5' failed: Connection closed before receiving a handshake response @ http://localhost:3000/src/App.jsx:90
[   37875ms] [ERROR] WebSocket connection to 'ws://localhost:3000/ws/2e81129a-9868-42b0-8876-4826b0e586a5' failed: Connection closed before receiving a handshake response @ http://localhost:3000/src/App.jsx:90
[   40932ms] [ERROR] WebSocket connection to 'ws://localhost:3000/ws/2e81129a-9868-42b0-8876-4826b0e586a5' failed: Connection closed before receiving a handshake response @ http://localhost:3000/src/App.jsx:90
[   41445ms] [ERROR] WebSocket connection to 'ws://localhost:3000/ws/2e81129a-9868-42b0-8876-4826b0e586a5' failed: Connection closed before receiving a handshake response @ http://localhost:3000/src/App.jsx:90
[   44409ms] [ERROR] WebSocket connection to 'ws://localhost:3000/ws/2e81129a-9868-42b0-8876-4826b0e586a5' failed: Connection closed before receiving a handshake response @ http://localhost:3000/src/App.jsx:90
[   44943ms] [ERROR] WebSocket connection to 'ws://localhost:3000/ws/2e81129a-9868-42b0-8876-4826b0e586a5' failed: Connection closed before receiving a handshake response @ http://localhost:3000/src/App.jsx:90
[   47821ms] [ERROR] WebSocket connection to 'ws://localhost:3000/ws/2e81129a-9868-42b0-8876-4826b0e586a5' failed: Connection closed before receiving a handshake response @ http://localhost:3000/src/App.jsx:90
[   48391ms] [ERROR] WebSocket connection to 'ws://localhost:3000/ws/2e81129a-9868-42b0-8876-4826b0e586a5' failed: Connection closed before receiving a handshake response @ http://localhost:3000/src/App.jsx:90
[   52726ms] [ERROR] WebSocket connection to 'ws://localhost:3000/ws/2e81129a-9868-42b0-8876-4826b0e586a5' failed: Connection closed before receiving a handshake response @ http://localhost:3000/src/App.jsx:90
[   53574ms] [ERROR] WebSocket connection to 'ws://localhost:3000/ws/2e81129a-9868-42b0-8876-4826b0e586a5' failed: Connection closed before receiving a handshake response @ http://localhost:3000/src/App.jsx:90
[   58745ms] [ERROR] WebSocket connection to 'ws://localhost:3000/ws/2e81129a-9868-42b0-8876-4826b0e586a5' failed: Connection closed before receiving a handshake response @ http://localhost:3000/src/App.jsx:90
[   59739ms] [ERROR] WebSocket connection to 'ws://localhost:3000/ws/2e81129a-9868-42b0-8876-4826b0e586a5' failed: Connection closed before receiving a handshake response @ http://localhost:3000/src/App.jsx:90
[   65213ms] [ERROR] WebSocket connection to 'ws://localhost:3000/ws/2e81129a-9868-42b0-8876-4826b0e586a5' failed: Connection closed before receiving a handshake response @ http://localhost:3000/src/App.jsx:90
[   65988ms] [ERROR] WebSocket connection to 'ws://localhost:3000/ws/2e81129a-9868-42b0-8876-4826b0e586a5' failed: Connection closed before receiving a handshake response @ http://localhost:3000/src/App.jsx:90
[   71345ms] [ERROR] WebSocket connection to 'ws://localhost:3000/ws/2e81129a-9868-42b0-8876-4826b0e586a5' failed: Connection closed before receiving a handshake response @ http://localhost:3000/src/App.jsx:90
[   73947ms] [ERROR] WebSocket connection to 'ws://localhost:3000/ws/2e81129a-9868-42b0-8876-4826b0e586a5' failed: Connection closed before receiving a handshake response @ http://localhost:3000/src/App.jsx:90
[   75558ms] [ERROR] WebSocket connection to 'ws://localhost:3000/ws/2e81129a-9868-42b0-8876-4826b0e586a5' failed: Connection closed before receiving a handshake response @ http://localhost:3000/src/App.jsx:90
[   81532ms] [ERROR] WebSocket connection to 'ws://localhost:3000/ws/2e81129a-9868-42b0-8876-4826b0e586a5' failed: Connection closed before receiving a handshake response @ http://localhost:3000/src/App.jsx:90
[   82017ms] [ERROR] WebSocket connection to 'ws://localhost:3000/ws/2e81129a-9868-42b0-8876-4826b0e586a5' failed: Connection closed before receiving a handshake response @ http://localhost:3000/src/App.jsx:90
[   86379ms] [ERROR] WebSocket connection to 'ws://localhost:3000/ws/2e81129a-9868-42b0-8876-4826b0e586a5' failed: Connection closed before receiving a handshake response @ http://localhost:3000/src/App.jsx:90
[   89211ms] [ERROR] WebSocket connection to 'ws://localhost:3000/ws/2e81129a-9868-42b0-8876-4826b0e586a5' failed: Connection closed before receiving a handshake response @ http://localhost:3000/src/App.jsx:90
[   91413ms] [ERROR] WebSocket connection to 'ws://localhost:3000/ws/2e81129a-9868-42b0-8876-4826b0e586a5' failed: Connection closed before receiving a handshake response @ http://localhost:3000/src/App.jsx:90
[   95516ms] [ERROR] WebSocket connection to 'ws://localhost:3000/ws/2e81129a-9868-42b0-8876-4826b0e586a5' failed: Connection closed before receiving a handshake response @ http://localhost:3000/src/App.jsx:90
[   98956ms] [ERROR] WebSocket connection to 'ws://localhost:3000/ws/2e81129a-9868-42b0-8876-4826b0e586a5' failed: Connection closed before receiving a handshake response @ http://localhost:3000/src/App.jsx:90
[   99530ms] [ERROR] WebSocket connection to 'ws://localhost:3000/ws/2e81129a-9868-42b0-8876-4826b0e586a5' failed: Connection closed before receiving a handshake response @ http://localhost:3000/src/App.jsx:90
[  103567ms] [ERROR] WebSocket connection to 'ws://localhost:3000/ws/2e81129a-9868-42b0-8876-4826b0e586a5' failed: Connection closed before receiving a handshake response @ http://localhost:3000/src/App.jsx:90
[  104956ms] [ERROR] WebSocket connection to 'ws://localhost:3000/ws/2e81129a-9868-42b0-8876-4826b0e586a5' failed: Connection closed before receiving a handshake response @ http://localhost:3000/src/App.jsx:90
[  108809ms] [ERROR] WebSocket connection to 'ws://localhost:3000/ws/2e81129a-9868-42b0-8876-4826b0e586a5' failed: Connection closed before receiving a handshake response @ http://localhost:3000/src/App.jsx:90
[  109114ms] [ERROR] WebSocket connection to 'ws://localhost:3000/ws/2e81129a-9868-42b0-8876-4826b0e586a5' failed: Connection closed before receiving a handshake response @ http://localhost:3000/src/App.jsx:90
[  113777ms] [ERROR] WebSocket connection to 'ws://localhost:3000/ws/2e81129a-9868-42b0-8876-4826b0e586a5' failed: Connection closed before receiving a handshake response @ http://localhost:3000/src/App.jsx:90
[  114829ms] [ERROR] WebSocket connection to 'ws://localhost:3000/ws/2e81129a-9868-42b0-8876-4826b0e586a5' failed: Connection closed before receiving a handshake response @ http://localhost:3000/src/App.jsx:90
[  119821ms] [ERROR] WebSocket connection to 'ws://localhost:3000/ws/2e81129a-9868-42b0-8876-4826b0e586a5' failed: Connection closed before receiving a handshake response @ http://localhost:3000/src/App.jsx:90
[  119881ms] [ERROR] WebSocket connection to 'ws://localhost:3000/ws/2e81129a-9868-42b0-8876-4826b0e586a5' failed: Connection closed before receiving a handshake response @ http://localhost:3000/src/App.jsx:90
[  125915ms] [ERROR] WebSocket connection to 'ws://localhost:3000/ws/2e81129a-9868-42b0-8876-4826b0e586a5' failed: Connection closed before receiving a handshake response @ http://localhost:3000/src/App.jsx:90
[  127330ms] [ERROR] WebSocket connection to 'ws://localhost:3000/ws/2e81129a-9868-42b0-8876-4826b0e586a5' failed: Connection closed before receiving a handshake response @ http://localhost:3000/src/App.jsx:90
[  131214ms] [ERROR] WebSocket connection to 'ws://localhost:3000/ws/2e81129a-9868-42b0-8876-4826b0e586a5' failed: Connection closed before receiving a handshake response @ http://localhost:3000/src/App.jsx:90
[  131819ms] [ERROR] WebSocket connection to 'ws://localhost:3000/ws/2e81129a-9868-42b0-8876-4826b0e586a5' failed: Connection closed before receiving a handshake response @ http://localhost:3000/src/App.jsx:90
[  137079ms] [ERROR] WebSocket connection to 'ws://localhost:3000/ws/2e81129a-9868-42b0-8876-4826b0e586a5' failed: Connection closed before receiving a handshake response @ http://localhost:3000/src/App.jsx:90
[  138729ms] [ERROR] WebSocket connection to 'ws://localhost:3000/ws/2e81129a-9868-42b0-8876-4826b0e586a5' failed: Connection closed before receiving a handshake response @ http://localhost:3000/src/App.jsx:90
[  142552ms] [ERROR] WebSocket connection to 'ws://localhost:3000/ws/2e81129a-9868-42b0-8876-4826b0e586a5' failed: Connection closed before receiving a handshake response @ http://localhost:3000/src/App.jsx:90
[  146338ms] [ERROR] WebSocket connection to 'ws://localhost:3000/ws/2e81129a-9868-42b0-8876-4826b0e586a5' failed: Connection closed before receiving a handshake response @ http://localhost:3000/src/App.jsx:90
[  147447ms] [ERROR] WebSocket connection to 'ws://localhost:3000/ws/2e81129a-9868-42b0-8876-4826b0e586a5' failed: Connection closed before receiving a handshake response @ http://localhost:3000/src/App.jsx:90
[  152999ms] [ERROR] WebSocket connection to 'ws://localhost:3000/ws/2e81129a-9868-42b0-8876-4826b0e586a5' failed: Connection closed before receiving a handshake response @ http://localhost:3000/src/App.jsx:90
[  154298ms] [ERROR] WebSocket connection to 'ws://localhost:3000/ws/2e81129a-9868-42b0-8876-4826b0e586a5' failed: Connection closed before receiving a handshake response @ http://localhost:3000/src/App.jsx:90
[  157297ms] [ERROR] WebSocket connection to 'ws://localhost:3000/ws/2e81129a-9868-42b0-8876-4826b0e586a5' failed: Connection closed before receiving a handshake response @ http://localhost:3000/src/App.jsx:90
[  161581ms] [ERROR] WebSocket connection to 'ws://localhost:3000/ws/2e81129a-9868-42b0-8876-4826b0e586a5' failed: Connection closed before receiving a handshake response @ http://localhost:3000/src/App.jsx:90
[  162265ms] [ERROR] WebSocket connection to 'ws://localhost:3000/ws/2e81129a-9868-42b0-8876-4826b0e586a5' failed: Connection closed before receiving a handshake response @ http://localhost:3000/src/App.jsx:90
[  167139ms] [ERROR] WebSocket connection to 'ws://localhost:3000/ws/2e81129a-9868-42b0-8876-4826b0e586a5' failed: Connection closed before receiving a handshake response @ http://localhost:3000/src/App.jsx:90
[  167281ms] [ERROR] WebSocket connection to 'ws://localhost:3000/ws/2e81129a-9868-42b0-8876-4826b0e586a5' failed: Connection closed before receiving a handshake response @ http://localhost:3000/src/App.jsx:90
[  171645ms] [ERROR] WebSocket connection to 'ws://localhost:3000/ws/2e81129a-9868-42b0-8876-4826b0e586a5' failed: Connection closed before receiving a handshake response @ http://localhost:3000/src/App.jsx:90
[  173104ms] [ERROR] WebSocket connection to 'ws://localhost:3000/ws/2e81129a-9868-42b0-8876-4826b0e586a5' failed: Connection closed before receiving a handshake response @ http://localhost:3000/src/App.jsx:90
[  176279ms] [ERROR] WebSocket connection to 'ws://localhost:3000/ws/2e81129a-9868-42b0-8876-4826b0e586a5' failed: Connection closed before receiving a handshake response @ http://localhost:3000/src/App.jsx:90
[  178387ms] [ERROR] WebSocket connection to 'ws://localhost:3000/ws/2e81129a-9868-42b0-8876-4826b0e586a5' failed: Connection closed before receiving a handshake response @ http://localhost:3000/src/App.jsx:90
[  182398ms] [ERROR] WebSocket connection to 'ws://localhost:3000/ws/2e81129a-9868-42b0-8876-4826b0e586a5' failed: Connection closed before receiving a handshake response @ http://localhost:3000/src/App.jsx:90
[  183245ms] [ERROR] WebSocket connection to 'ws://localhost:3000/ws/2e81129a-9868-42b0-8876-4826b0e586a5' failed: Connection closed before receiving a handshake response @ http://localhost:3000/src/App.jsx:90
[  187212ms] [ERROR] WebSocket connection to 'ws://localhost:3000/ws/2e81129a-9868-42b0-8876-4826b0e586a5' failed: Connection closed before receiving a handshake response @ http://localhost:3000/src/App.jsx:90
[  190054ms] [ERROR] WebSocket connection to 'ws://localhost:3000/ws/2e81129a-9868-42b0-8876-4826b0e586a5' failed: Connection closed before receiving a handshake response @ http://localhost:3000/src/App.jsx:90
[  191753ms] [ERROR] WebSocket connection to 'ws://localhost:3000/ws/2e81129a-9868-42b0-8876-4826b0e586a5' failed: Connection closed before receiving a handshake response @ http://localhost:3000/src/App.jsx:90
[  197587ms] [ERROR] WebSocket connection to 'ws://localhost:3000/ws/2e81129a-9868-42b0-8876-4826b0e586a5' failed: Connection closed before receiving a handshake response @ http://localhost:3000/src/App.jsx:90
[  198871ms] [ERROR] WebSocket connection to 'ws://localhost:3000/ws/2e81129a-9868-42b0-8876-4826b0e586a5' failed: Connection closed before receiving a handshake response @ http://localhost:3000/src/App.jsx:90
[  204042ms] [ERROR] WebSocket connection to 'ws://localhost:3000/ws/2e81129a-9868-42b0-8876-4826b0e586a5' failed: Connection closed before receiving a handshake response @ http://localhost:3000/src/App.jsx:90
[  204479ms] [ERROR] WebSocket connection to 'ws://localhost:3000/ws/2e81129a-9868-42b0-8876-4826b0e586a5' failed: Connection closed before receiving a handshake response @ http://localhost:3000/src/App.jsx:90
[  209695ms] [ERROR] WebSocket connection to 'ws://localhost:3000/ws/2e81129a-9868-42b0-8876-4826b0e586a5' failed: Connection closed before receiving a handshake response @ http://localhost:3000/src/App.jsx:90
[  209745ms] [ERROR] WebSocket connection to 'ws://localhost:3000/ws/2e81129a-9868-42b0-8876-4826b0e586a5' failed: Connection closed before receiving a handshake response @ http://localhost:3000/src/App.jsx:90
[  214417ms] [ERROR] WebSocket connection to 'ws://localhost:3000/ws/2e81129a-9868-42b0-8876-4826b0e586a5' failed: Connection closed before receiving a handshake response @ http://localhost:3000/src/App.jsx:90
[  214438ms] [ERROR] WebSocket connection to 'ws://localhost:3000/ws/2e81129a-9868-42b0-8876-4826b0e586a5' failed: Connection closed before receiving a handshake response @ http://localhost:3000/src/App.jsx:90
[  220409ms] [ERROR] WebSocket connection to 'ws://localhost:3000/ws/2e81129a-9868-42b0-8876-4826b0e586a5' failed: Connection closed before receiving a handshake response @ http://localhost:3000/src/App.jsx:90
[  221007ms] [ERROR] WebSocket connection to 'ws://localhost:3000/ws/2e81129a-9868-42b0-8876-4826b0e586a5' failed: Connection closed before receiving a handshake response @ http://localhost:3000/src/App.jsx:90
[  225008ms] [ERROR] WebSocket connection to 'ws://localhost:3000/ws/2e81129a-9868-42b0-8876-4826b0e586a5' failed: Connection closed before receiving a handshake response @ http://localhost:3000/src/App.jsx:90
[  228348ms] [ERROR] WebSocket connection to 'ws://localhost:3000/ws/2e81129a-9868-42b0-8876-4826b0e586a5' failed: Connection closed before receiving a handshake response @ http://localhost:3000/src/App.jsx:90
[  231621ms] [ERROR] WebSocket connection to 'ws://localhost:3000/ws/2e81129a-9868-42b0-8876-4826b0e586a5' failed: Connection closed before receiving a handshake response @ http://localhost:3000/src/App.jsx:90
[  233274ms] [ERROR] WebSocket connection to 'ws://localhost:3000/ws/2e81129a-9868-42b0-8876-4826b0e586a5' failed: Connection closed before receiving a handshake response @ http://localhost:3000/src/App.jsx:90
[  235941ms] [ERROR] WebSocket connection to 'ws://localhost:3000/ws/2e81129a-9868-42b0-8876-4826b0e586a5' failed: Connection closed before receiving a handshake response @ http://localhost:3000/src/App.jsx:90
[  239995ms] [ERROR] WebSocket connection to 'ws://localhost:3000/ws/2e81129a-9868-42b0-8876-4826b0e586a5' failed: Connection closed before receiving a handshake response @ http://localhost:3000/src/App.jsx:90
[  240267ms] [ERROR] WebSocket connection to 'ws://localhost:3000/ws/2e81129a-9868-42b0-8876-4826b0e586a5' failed: Connection closed before receiving a handshake response @ http://localhost:3000/src/App.jsx:90
[  244824ms] [ERROR] WebSocket connection to 'ws://localhost:3000/ws/2e81129a-9868-42b0-8876-4826b0e586a5' failed: Connection closed before receiving a handshake response @ http://localhost:3000/src/App.jsx:90
[  245853ms] [ERROR] WebSocket connection to 'ws://localhost:3000/ws/2e81129a-9868-42b0-8876-4826b0e586a5' failed: Connection closed before receiving a handshake response @ http://localhost:3000/src/App.jsx:90
[  247828ms] [ERROR] WebSocket connection to 'ws://localhost:3000/ws/2e81129a-9868-42b0-8876-4826b0e586a5' failed: Connection closed before receiving a handshake response @ http://localhost:3000/src/App.jsx:90
[  248860ms] [ERROR] WebSocket connection to 'ws://localhost:3000/ws/2e81129a-9868-42b0-8876-4826b0e586a5' failed: Connection closed before receiving a handshake response @ http://localhost:3000/src/App.jsx:90
[  250838ms] [ERROR] WebSocket connection to 'ws://localhost:3000/ws/2e81129a-9868-42b0-8876-4826b0e586a5' failed: Connection closed before receiving a handshake response @ http://localhost:3000/src/App.jsx:90
[  251867ms] [ERROR] WebSocket connection to 'ws://localhost:3000/ws/2e81129a-9868-42b0-8876-4826b0e586a5' failed: Connection closed before receiving a handshake response @ http://localhost:3000/src/App.jsx:90
[  253843ms] [ERROR] WebSocket connection to 'ws://localhost:3000/ws/2e81129a-9868-42b0-8876-4826b0e586a5' failed: Connection closed before receiving a handshake response @ http://localhost:3000/src/App.jsx:90
[  254879ms] [ERROR] WebSocket connection to 'ws://localhost:3000/ws/2e81129a-9868-42b0-8876-4826b0e586a5' failed: Connection closed before receiving a handshake response @ http://localhost:3000/src/App.jsx:90
[  256856ms] [ERROR] WebSocket connection to 'ws://localhost:3000/ws/2e81129a-9868-42b0-8876-4826b0e586a5' failed: Connection closed before receiving a handshake response @ http://localhost:3000/src/App.jsx:90
[  257908ms] [ERROR] WebSocket connection to 'ws://localhost:3000/ws/2e81129a-9868-42b0-8876-4826b0e586a5' failed: Connection closed before receiving a handshake response @ http://localhost:3000/src/App.jsx:90
[  259887ms] [ERROR] WebSocket connection to 'ws://localhost:3000/ws/2e81129a-9868-42b0-8876-4826b0e586a5' failed: Connection closed before receiving a handshake response @ http://localhost:3000/src/App.jsx:90
[  260988ms] [ERROR] WebSocket connection to 'ws://localhost:3000/ws/2e81129a-9868-42b0-8876-4826b0e586a5' failed: Connection closed before receiving a handshake response @ http://localhost:3000/src/App.jsx:90
[  262938ms] [ERROR] WebSocket connection to 'ws://localhost:3000/ws/2e81129a-9868-42b0-8876-4826b0e586a5' failed: Connection closed before receiving a handshake response @ http://localhost:3000/src/App.jsx:90
[  264120ms] [ERROR] WebSocket connection to 'ws://localhost:3000/ws/2e81129a-9868-42b0-8876-4826b0e586a5' failed: Connection closed before receiving a handshake response @ http://localhost:3000/src/App.jsx:90
[  266390ms] [ERROR] WebSocket connection to 'ws://localhost:3000/ws/2e81129a-9868-42b0-8876-4826b0e586a5' failed: Connection closed before receiving a handshake response @ http://localhost:3000/src/App.jsx:90
[  268212ms] [ERROR] WebSocket connection to 'ws://localhost:3000/ws/2e81129a-9868-42b0-8876-4826b0e586a5' failed: Connection closed before receiving a handshake response @ http://localhost:3000/src/App.jsx:90
[  269915ms] [ERROR] WebSocket connection to 'ws://localhost:3000/ws/2e81129a-9868-42b0-8876-4826b0e586a5' failed: Connection closed before receiving a handshake response @ http://localhost:3000/src/App.jsx:90
[  275374ms] [ERROR] WebSocket connection to 'ws://localhost:3000/ws/2e81129a-9868-42b0-8876-4826b0e586a5' failed: Connection closed before receiving a handshake response @ http://localhost:3000/src/App.jsx:90
[  275812ms] [ERROR] WebSocket connection to 'ws://localhost:3000/ws/2e81129a-9868-42b0-8876-4826b0e586a5' failed: Connection closed before receiving a handshake response @ http://localhost:3000/src/App.jsx:90
[  280576ms] [ERROR] WebSocket connection to 'ws://localhost:3000/ws/2e81129a-9868-42b0-8876-4826b0e586a5' failed: Connection closed before receiving a handshake response @ http://localhost:3000/src/App.jsx:90
[  282764ms] [ERROR] WebSocket connection to 'ws://localhost:3000/ws/2e81129a-9868-42b0-8876-4826b0e586a5' failed: Connection closed before receiving a handshake response @ http://localhost:3000/src/App.jsx:90
[  285248ms] [ERROR] WebSocket connection to 'ws://localhost:3000/ws/2e81129a-9868-42b0-8876-4826b0e586a5' failed: Connection closed before receiving a handshake response @ http://localhost:3000/src/App.jsx:90
[  287023ms] [ERROR] WebSocket connection to 'ws://localhost:3000/ws/2e81129a-9868-42b0-8876-4826b0e586a5' failed: Connection closed before receiving a handshake response @ http://localhost:3000/src/App.jsx:90
[  291443ms] [ERROR] WebSocket connection to 'ws://localhost:3000/ws/2e81129a-9868-42b0-8876-4826b0e586a5' failed: Connection closed before receiving a handshake response @ http://localhost:3000/src/App.jsx:90
[  291500ms] [ERROR] WebSocket connection to 'ws://localhost:3000/ws/2e81129a-9868-42b0-8876-4826b0e586a5' failed: Connection closed before receiving a handshake response @ http://localhost:3000/src/App.jsx:90
[  298656ms] [ERROR] WebSocket connection to 'ws://localhost:3000/ws/2e81129a-9868-42b0-8876-4826b0e586a5' failed: Connection closed before receiving a handshake response @ http://localhost:3000/src/App.jsx:90
[  299302ms] [ERROR] WebSocket connection to 'ws://localhost:3000/ws/2e81129a-9868-42b0-8876-4826b0e586a5' failed: Connection closed before receiving a handshake response @ http://localhost:3000/src/App.jsx:90
[  304135ms] [ERROR] WebSocket connection to 'ws://localhost:3000/ws/2e81129a-9868-42b0-8876-4826b0e586a5' failed: Connection closed before receiving a handshake response @ http://localhost:3000/src/App.jsx:90
[  304980ms] [ERROR] WebSocket connection to 'ws://localhost:3000/ws/2e81129a-9868-42b0-8876-4826b0e586a5' failed: Connection closed before receiving a handshake response @ http://localhost:3000/src/App.jsx:90
[  311746ms] [ERROR] WebSocket connection to 'ws://localhost:3000/ws/2e81129a-9868-42b0-8876-4826b0e586a5' failed: Connection closed before receiving a handshake response @ http://localhost:3000/src/App.jsx:90
[  312672ms] [ERROR] WebSocket connection to 'ws://localhost:3000/ws/2e81129a-9868-42b0-8876-4826b0e586a5' failed: Connection closed before receiving a handshake response @ http://localhost:3000/src/App.jsx:90
[  317062ms] [ERROR] WebSocket connection to 'ws://localhost:3000/ws/2e81129a-9868-42b0-8876-4826b0e586a5' failed: Connection closed before receiving a handshake response @ http://localhost:3000/src/App.jsx:90
[  320625ms] [ERROR] WebSocket connection to 'ws://localhost:3000/ws/2e81129a-9868-42b0-8876-4826b0e586a5' failed: Connection closed before receiving a handshake response @ http://localhost:3000/src/App.jsx:90
[  323230ms] [ERROR] WebSocket connection to 'ws://localhost:3000/ws/2e81129a-9868-42b0-8876-4826b0e586a5' failed: Connection closed before receiving a handshake response @ http://localhost:3000/src/App.jsx:90
[  325358ms] [ERROR] WebSocket connection to 'ws://localhost:3000/ws/2e81129a-9868-42b0-8876-4826b0e586a5' failed: Connection closed before receiving a handshake response @ http://localhost:3000/src/App.jsx:90
[  328596ms] [ERROR] WebSocket connection to 'ws://localhost:3000/ws/2e81129a-9868-42b0-8876-4826b0e586a5' failed: Connection closed before receiving a handshake response @ http://localhost:3000/src/App.jsx:90
[  332480ms] [ERROR] WebSocket connection to 'ws://localhost:3000/ws/2e81129a-9868-42b0-8876-4826b0e586a5' failed: Connection closed before receiving a handshake response @ http://localhost:3000/src/App.jsx:90
[  335413ms] [ERROR] WebSocket connection to 'ws://localhost:3000/ws/2e81129a-9868-42b0-8876-4826b0e586a5' failed: Connection closed before receiving a handshake response @ http://localhost:3000/src/App.jsx:90
[  339241ms] [ERROR] WebSocket connection to 'ws://localhost:3000/ws/2e81129a-9868-42b0-8876-4826b0e586a5' failed: Connection closed before receiving a handshake response @ http://localhost:3000/src/App.jsx:90
[  340663ms] [ERROR] WebSocket connection to 'ws://localhost:3000/ws/2e81129a-9868-42b0-8876-4826b0e586a5' failed: Connection closed before receiving a handshake response @ http://localhost:3000/src/App.jsx:90
[  344459ms] [ERROR] WebSocket connection to 'ws://localhost:3000/ws/2e81129a-9868-42b0-8876-4826b0e586a5' failed: Connection closed before receiving a handshake response @ http://localhost:3000/src/App.jsx:90
[  346631ms] [ERROR] WebSocket connection to 'ws://localhost:3000/ws/2e81129a-9868-42b0-8876-4826b0e586a5' failed: Connection closed before receiving a handshake response @ http://localhost:3000/src/App.jsx:90
[  350614ms] [ERROR] WebSocket connection to 'ws://localhost:3000/ws/2e81129a-9868-42b0-8876-4826b0e586a5' failed: Connection closed before receiving a handshake response @ http://localhost:3000/src/App.jsx:90
[  351431ms] [ERROR] WebSocket connection to 'ws://localhost:3000/ws/2e81129a-9868-42b0-8876-4826b0e586a5' failed: Connection closed before receiving a handshake response @ http://localhost:3000/src/App.jsx:90
[  357263ms] [ERROR] WebSocket connection to 'ws://localhost:3000/ws/2e81129a-9868-42b0-8876-4826b0e586a5' failed: Connection closed before receiving a handshake response @ http://localhost:3000/src/App.jsx:90
[  357996ms] [ERROR] WebSocket connection to 'ws://localhost:3000/ws/2e81129a-9868-42b0-8876-4826b0e586a5' failed: Connection closed before receiving a handshake response @ http://localhost:3000/src/App.jsx:90
[  365042ms] [ERROR] WebSocket connection to 'ws://localhost:3000/ws/2e81129a-9868-42b0-8876-4826b0e586a5' failed: Connection closed before receiving a handshake response @ http://localhost:3000/src/App.jsx:90
[  365772ms] [ERROR] WebSocket connection to 'ws://localhost:3000/ws/2e81129a-9868-42b0-8876-4826b0e586a5' failed: Connection closed before receiving a handshake response @ http://localhost:3000/src/App.jsx:90
[  368049ms] [ERROR] WebSocket connection to 'ws://localhost:3000/ws/2e81129a-9868-42b0-8876-4826b0e586a5' failed: Connection closed before receiving a handshake response @ http://localhost:3000/src/App.jsx:90
[  368779ms] [ERROR] WebSocket connection to 'ws://localhost:3000/ws/2e81129a-9868-42b0-8876-4826b0e586a5' failed: Connection closed before receiving a handshake response @ http://localhost:3000/src/App.jsx:90
[  371059ms] [ERROR] WebSocket connection to 'ws://localhost:3000/ws/2e81129a-9868-42b0-8876-4826b0e586a5' failed: Connection closed before receiving a handshake response @ http://localhost:3000/src/App.jsx:90
[  371789ms] [ERROR] WebSocket connection to 'ws://localhost:3000/ws/2e81129a-9868-42b0-8876-4826b0e586a5' failed: Connection closed before receiving a handshake response @ http://localhost:3000/src/App.jsx:90
[  374065ms] [ERROR] WebSocket connection to 'ws://localhost:3000/ws/2e81129a-9868-42b0-8876-4826b0e586a5' failed: Connection closed before receiving a handshake response @ http://localhost:3000/src/App.jsx:90
[  374797ms] [ERROR] WebSocket connection to 'ws://localhost:3000/ws/2e81129a-9868-42b0-8876-4826b0e586a5' failed: Connection closed before receiving a handshake response @ http://localhost:3000/src/App.jsx:90
[  377074ms] [ERROR] WebSocket connection to 'ws://localhost:3000/ws/2e81129a-9868-42b0-8876-4826b0e586a5' failed: Connection closed before receiving a handshake response @ http://localhost:3000/src/App.jsx:90
[  377809ms] [ERROR] WebSocket connection to 'ws://localhost:3000/ws/2e81129a-9868-42b0-8876-4826b0e586a5' failed: Connection closed before receiving a handshake response @ http://localhost:3000/src/App.jsx:90
[  380106ms] [ERROR] WebSocket connection to 'ws://localhost:3000/ws/2e81129a-9868-42b0-8876-4826b0e586a5' failed: Connection closed before receiving a handshake response @ http://localhost:3000/src/App.jsx:90
[  380843ms] [ERROR] WebSocket connection to 'ws://localhost:3000/ws/2e81129a-9868-42b0-8876-4826b0e586a5' failed: Connection closed before receiving a handshake response @ http://localhost:3000/src/App.jsx:90
[  383161ms] [ERROR] WebSocket connection to 'ws://localhost:3000/ws/2e81129a-9868-42b0-8876-4826b0e586a5' failed: Connection closed before receiving a handshake response @ http://localhost:3000/src/App.jsx:90
[  384044ms] [ERROR] WebSocket connection to 'ws://localhost:3000/ws/2e81129a-9868-42b0-8876-4826b0e586a5' failed: Connection closed before receiving a handshake response @ http://localhost:3000/src/App.jsx:90
[  386517ms] [ERROR] WebSocket connection to 'ws://localhost:3000/ws/2e81129a-9868-42b0-8876-4826b0e586a5' failed: Connection closed before receiving a handshake response @ http://localhost:3000/src/App.jsx:90
[  387326ms] [ERROR] WebSocket connection to 'ws://localhost:3000/ws/2e81129a-9868-42b0-8876-4826b0e586a5' failed: Connection closed before receiving a handshake response @ http://localhost:3000/src/App.jsx:90
[  391960ms] [ERROR] WebSocket connection to 'ws://localhost:3000/ws/2e81129a-9868-42b0-8876-4826b0e586a5' failed: Connection closed before receiving a handshake response @ http://localhost:3000/src/App.jsx:90
[  393316ms] [ERROR] WebSocket connection to 'ws://localhost:3000/ws/2e81129a-9868-42b0-8876-4826b0e586a5' failed: Connection closed before receiving a handshake response @ http://localhost:3000/src/App.jsx:90
[  398782ms] [ERROR] WebSocket connection to 'ws://localhost:3000/ws/2e81129a-9868-42b0-8876-4826b0e586a5' failed: Connection closed before receiving a handshake response @ http://localhost:3000/src/App.jsx:90
[  398847ms] [ERROR] WebSocket connection to 'ws://localhost:3000/ws/2e81129a-9868-42b0-8876-4826b0e586a5' failed: Connection closed before receiving a handshake response @ http://localhost:3000/src/App.jsx:90
[  404094ms] [ERROR] WebSocket connection to 'ws://localhost:3000/ws/2e81129a-9868-42b0-8876-4826b0e586a5' failed: Connection closed before receiving a handshake response @ http://localhost:3000/src/App.jsx:90
[  404237ms] [ERROR] WebSocket connection to 'ws://localhost:3000/ws/2e81129a-9868-42b0-8876-4826b0e586a5' failed: Connection closed before receiving a handshake response @ http://localhost:3000/src/App.jsx:90
[  409530ms] [ERROR] WebSocket connection to 'ws://localhost:3000/ws/2e81129a-9868-42b0-8876-4826b0e586a5' failed: Connection closed before receiving a handshake response @ http://localhost:3000/src/App.jsx:90
[  409997ms] [ERROR] WebSocket connection to 'ws://localhost:3000/ws/2e81129a-9868-42b0-8876-4826b0e586a5' failed: Connection closed before receiving a handshake response @ http://localhost:3000/src/App.jsx:90
[  416931ms] [ERROR] WebSocket connection to 'ws://localhost:3000/ws/2e81129a-9868-42b0-8876-4826b0e586a5' failed: Connection closed before receiving a handshake response @ http://localhost:3000/src/App.jsx:90
[  417481ms] [ERROR] WebSocket connection to 'ws://localhost:3000/ws/2e81129a-9868-42b0-8876-4826b0e586a5' failed: Connection closed before receiving a handshake response @ http://localhost:3000/src/App.jsx:90
[  422131ms] [ERROR] WebSocket connection to 'ws://localhost:3000/ws/2e81129a-9868-42b0-8876-4826b0e586a5' failed: Connection closed before receiving a handshake response @ http://localhost:3000/src/App.jsx:90
[  423125ms] [ERROR] WebSocket connection to 'ws://localhost:3000/ws/2e81129a-9868-42b0-8876-4826b0e586a5' failed: Connection closed before receiving a handshake response @ http://localhost:3000/src/App.jsx:90
[  426264ms] [ERROR] WebSocket connection to 'ws://localhost:3000/ws/2e81129a-9868-42b0-8876-4826b0e586a5' failed: Connection closed before receiving a handshake response @ http://localhost:3000/src/App.jsx:90
[  427770ms] [ERROR] WebSocket connection to 'ws://localhost:3000/ws/2e81129a-9868-42b0-8876-4826b0e586a5' failed: Connection closed before receiving a handshake response @ http://localhost:3000/src/App.jsx:90
[  430827ms] [ERROR] WebSocket connection to 'ws://localhost:3000/ws/2e81129a-9868-42b0-8876-4826b0e586a5' failed: Connection closed before receiving a handshake response @ http://localhost:3000/src/App.jsx:90
[  435570ms] [ERROR] WebSocket connection to 'ws://localhost:3000/ws/2e81129a-9868-42b0-8876-4826b0e586a5' failed: Connection closed before receiving a handshake response @ http://localhost:3000/src/App.jsx:90
[  437348ms] [ERROR] WebSocket connection to 'ws://localhost:3000/ws/2e81129a-9868-42b0-8876-4826b0e586a5' failed: Connection closed before receiving a handshake response @ http://localhost:3000/src/App.jsx:90
[  442440ms] [ERROR] WebSocket connection to 'ws://localhost:3000/ws/2e81129a-9868-42b0-8876-4826b0e586a5' failed: Connection closed before receiving a handshake response @ http://localhost:3000/src/App.jsx:90
[  445201ms] [ERROR] WebSocket connection to 'ws://localhost:3000/ws/2e81129a-9868-42b0-8876-4826b0e586a5' failed: Connection closed before receiving a handshake response @ http://localhost:3000/src/App.jsx:90
[  448193ms] [ERROR] WebSocket connection to 'ws://localhost:3000/ws/2e81129a-9868-42b0-8876-4826b0e586a5' failed: Connection closed before receiving a handshake response @ http://localhost:3000/src/App.jsx:90
[  452375ms] [ERROR] WebSocket connection to 'ws://localhost:3000/ws/2e81129a-9868-42b0-8876-4826b0e586a5' failed: Connection closed before receiving a handshake response @ http://localhost:3000/src/App.jsx:90
[  453732ms] [ERROR] WebSocket connection to 'ws://localhost:3000/ws/2e81129a-9868-42b0-8876-4826b0e586a5' failed: Connection closed before receiving a handshake response @ http://localhost:3000/src/App.jsx:90
[  458273ms] [ERROR] WebSocket connection to 'ws://localhost:3000/ws/2e81129a-9868-42b0-8876-4826b0e586a5' failed: Connection closed before receiving a handshake response @ http://localhost:3000/src/App.jsx:90
[  459323ms] [ERROR] WebSocket connection to 'ws://localhost:3000/ws/2e81129a-9868-42b0-8876-4826b0e586a5' failed: Connection closed before receiving a handshake response @ http://localhost:3000/src/App.jsx:90
[  463879ms] [ERROR] WebSocket connection to 'ws://localhost:3000/ws/2e81129a-9868-42b0-8876-4826b0e586a5' failed: Connection closed before receiving a handshake response @ http://localhost:3000/src/App.jsx:90
[  466718ms] [ERROR] WebSocket connection to 'ws://localhost:3000/ws/2e81129a-9868-42b0-8876-4826b0e586a5' failed: Connection closed before receiving a handshake response @ http://localhost:3000/src/App.jsx:90
[  468573ms] [ERROR] WebSocket connection to 'ws://localhost:3000/ws/2e81129a-9868-42b0-8876-4826b0e586a5' failed: Connection closed before receiving a handshake response @ http://localhost:3000/src/App.jsx:90
[  471101ms] [ERROR] WebSocket connection to 'ws://localhost:3000/ws/2e81129a-9868-42b0-8876-4826b0e586a5' failed: Connection closed before receiving a handshake response @ http://localhost:3000/src/App.jsx:90
[  473274ms] [ERROR] WebSocket connection to 'ws://localhost:3000/ws/2e81129a-9868-42b0-8876-4826b0e586a5' failed: Connection closed before receiving a handshake response @ http://localhost:3000/src/App.jsx:90
[  477697ms] [ERROR] WebSocket connection to 'ws://localhost:3000/ws/2e81129a-9868-42b0-8876-4826b0e586a5' failed: Connection closed before receiving a handshake response @ http://localhost:3000/src/App.jsx:90
[  479126ms] [ERROR] WebSocket connection to 'ws://localhost:3000/ws/2e81129a-9868-42b0-8876-4826b0e586a5' failed: Connection closed before receiving a handshake response @ http://localhost:3000/src/App.jsx:90
[  482430ms] [ERROR] WebSocket connection to 'ws://localhost:3000/ws/2e81129a-9868-42b0-8876-4826b0e586a5' failed: Connection closed before receiving a handshake response @ http://localhost:3000/src/App.jsx:90
[  484529ms] [ERROR] WebSocket connection to 'ws://localhost:3000/ws/2e81129a-9868-42b0-8876-4826b0e586a5' failed: Connection closed before receiving a handshake response @ http://localhost:3000/src/App.jsx:90
[  489343ms] [ERROR] WebSocket connection to 'ws://localhost:3000/ws/2e81129a-9868-42b0-8876-4826b0e586a5' failed: Connection closed before receiving a handshake response @ http://localhost:3000/src/App.jsx:90
[  491402ms] [ERROR] WebSocket connection to 'ws://localhost:3000/ws/2e81129a-9868-42b0-8876-4826b0e586a5' failed: Connection closed before receiving a handshake response @ http://localhost:3000/src/App.jsx:90
[  497263ms] [ERROR] WebSocket connection to 'ws://localhost:3000/ws/2e81129a-9868-42b0-8876-4826b0e586a5' failed: Connection closed before receiving a handshake response @ http://localhost:3000/src/App.jsx:90
[  499213ms] [ERROR] WebSocket connection to 'ws://localhost:3000/ws/2e81129a-9868-42b0-8876-4826b0e586a5' failed: Connection closed before receiving a handshake response @ http://localhost:3000/src/App.jsx:90
[  501515ms] [ERROR] WebSocket connection to 'ws://localhost:3000/ws/2e81129a-9868-42b0-8876-4826b0e586a5' failed: Connection closed before receiving a handshake response @ http://localhost:3000/src/App.jsx:90
[  503597ms] [ERROR] WebSocket connection to 'ws://localhost:3000/ws/2e81129a-9868-42b0-8876-4826b0e586a5' failed: Connection closed before receiving a handshake response @ http://localhost:3000/src/App.jsx:90
[  508064ms] [ERROR] WebSocket connection to 'ws://localhost:3000/ws/2e81129a-9868-42b0-8876-4826b0e586a5' failed: Connection closed before receiving a handshake response @ http://localhost:3000/src/App.jsx:90
[  508644ms] [ERROR] WebSocket connection to 'ws://localhost:3000/ws/2e81129a-9868-42b0-8876-4826b0e586a5' failed: Connection closed before receiving a handshake response @ http://localhost:3000/src/App.jsx:90
[  512353ms] [ERROR] WebSocket connection to 'ws://localhost:3000/ws/2e81129a-9868-42b0-8876-4826b0e586a5' failed: Connection closed before receiving a handshake response @ http://localhost:3000/src/App.jsx:90
[  514106ms] [ERROR] WebSocket connection to 'ws://localhost:3000/ws/2e81129a-9868-42b0-8876-4826b0e586a5' failed: Connection closed before receiving a handshake response @ http://localhost:3000/src/App.jsx:90
[  518691ms] [ERROR] WebSocket connection to 'ws://localhost:3000/ws/2e81129a-9868-42b0-8876-4826b0e586a5' failed: Connection closed before receiving a handshake response @ http://localhost:3000/src/App.jsx:90
[  521497ms] [ERROR] WebSocket connection to 'ws://localhost:3000/ws/2e81129a-9868-42b0-8876-4826b0e586a5' failed: Connection closed before receiving a handshake response @ http://localhost:3000/src/App.jsx:90
[  522962ms] [ERROR] WebSocket connection to 'ws://localhost:3000/ws/2e81129a-9868-42b0-8876-4826b0e586a5' failed: Connection closed before receiving a handshake response @ http://localhost:3000/src/App.jsx:90
[  527006ms] [ERROR] WebSocket connection to 'ws://localhost:3000/ws/2e81129a-9868-42b0-8876-4826b0e586a5' failed: Connection closed before receiving a handshake response @ http://localhost:3000/src/App.jsx:90
[  530325ms] [ERROR] WebSocket connection to 'ws://localhost:3000/ws/2e81129a-9868-42b0-8876-4826b0e586a5' failed: Connection closed before receiving a handshake response @ http://localhost:3000/src/App.jsx:90
[  532406ms] [ERROR] WebSocket connection to 'ws://localhost:3000/ws/2e81129a-9868-42b0-8876-4826b0e586a5' failed: Connection closed before receiving a handshake response @ http://localhost:3000/src/App.jsx:90
[  534894ms] [ERROR] WebSocket connection to 'ws://localhost:3000/ws/2e81129a-9868-42b0-8876-4826b0e586a5' failed: Connection closed before receiving a handshake response @ http://localhost:3000/src/App.jsx:90
[  538180ms] [ERROR] WebSocket connection to 'ws://localhost:3000/ws/2e81129a-9868-42b0-8876-4826b0e586a5' failed: Connection closed before receiving a handshake response @ http://localhost:3000/src/App.jsx:90
[  539941ms] [ERROR] WebSocket connection to 'ws://localhost:3000/ws/2e81129a-9868-42b0-8876-4826b0e586a5' failed: Connection closed before receiving a handshake response @ http://localhost:3000/src/App.jsx:90
[  542981ms] [ERROR] WebSocket connection to 'ws://localhost:3000/ws/2e81129a-9868-42b0-8876-4826b0e586a5' failed: Connection closed before receiving a handshake response @ http://localhost:3000/src/App.jsx:90
[  547023ms] [ERROR] WebSocket connection to 'ws://localhost:3000/ws/2e81129a-9868-42b0-8876-4826b0e586a5' failed: Connection closed before receiving a handshake response @ http://localhost:3000/src/App.jsx:90
[  549112ms] [ERROR] WebSocket connection to 'ws://localhost:3000/ws/2e81129a-9868-42b0-8876-4826b0e586a5' failed: Connection closed before receiving a handshake response @ http://localhost:3000/src/App.jsx:90
[  554102ms] [ERROR] WebSocket connection to 'ws://localhost:3000/ws/2e81129a-9868-42b0-8876-4826b0e586a5' failed: Connection closed before receiving a handshake response @ http://localhost:3000/src/App.jsx:90
[  554468ms] [ERROR] WebSocket connection to 'ws://localhost:3000/ws/2e81129a-9868-42b0-8876-4826b0e586a5' failed: Connection closed before receiving a handshake response @ http://localhost:3000/src/App.jsx:90
[  558784ms] [ERROR] WebSocket connection to 'ws://localhost:3000/ws/2e81129a-9868-42b0-8876-4826b0e586a5' failed: Connection closed before receiving a handshake response @ http://localhost:3000/src/App.jsx:90
[  561806ms] [ERROR] WebSocket connection to 'ws://localhost:3000/ws/2e81129a-9868-42b0-8876-4826b0e586a5' failed: Connection closed before receiving a handshake response @ http://localhost:3000/src/App.jsx:90
[  566452ms] [ERROR] WebSocket connection to 'ws://localhost:3000/ws/2e81129a-9868-42b0-8876-4826b0e586a5' failed: Connection closed before receiving a handshake response @ http://localhost:3000/src/App.jsx:90
[  567560ms] [ERROR] WebSocket connection to 'ws://localhost:3000/ws/2e81129a-9868-42b0-8876-4826b0e586a5' failed: Connection closed before receiving a handshake response @ http://localhost:3000/src/App.jsx:90
[  573575ms] [ERROR] WebSocket connection to 'ws://localhost:3000/ws/2e81129a-9868-42b0-8876-4826b0e586a5' failed: Connection closed before receiving a handshake response @ http://localhost:3000/src/App.jsx:90
[  574529ms] [ERROR] WebSocket connection to 'ws://localhost:3000/ws/2e81129a-9868-42b0-8876-4826b0e586a5' failed: Connection closed before receiving a handshake response @ http://localhost:3000/src/App.jsx:90
[  580693ms] [ERROR] WebSocket connection to 'ws://localhost:3000/ws/2e81129a-9868-42b0-8876-4826b0e586a5' failed: Connection closed before receiving a handshake response @ http://localhost:3000/src/App.jsx:90
[  581328ms] [ERROR] WebSocket connection to 'ws://localhost:3000/ws/2e81129a-9868-42b0-8876-4826b0e586a5' failed: Connection closed before receiving a handshake response @ http://localhost:3000/src/App.jsx:90
[  585433ms] [ERROR] WebSocket connection to 'ws://localhost:3000/ws/2e81129a-9868-42b0-8876-4826b0e586a5' failed: Connection closed before receiving a handshake response @ http://localhost:3000/src/App.jsx:90
[  587790ms] [ERROR] WebSocket connection to 'ws://localhost:3000/ws/2e81129a-9868-42b0-8876-4826b0e586a5' failed: Connection closed before receiving a handshake response @ http://localhost:3000/src/App.jsx:90
[  592533ms] [ERROR] WebSocket connection to 'ws://localhost:3000/ws/2e81129a-9868-42b0-8876-4826b0e586a5' failed: Connection closed before receiving a handshake response @ http://localhost:3000/src/App.jsx:90
[  592747ms] [ERROR] WebSocket connection to 'ws://localhost:3000/ws/2e81129a-9868-42b0-8876-4826b0e586a5' failed: Connection closed before receiving a handshake response @ http://localhost:3000/src/App.jsx:90
[  598845ms] [ERROR] WebSocket connection to 'ws://localhost:3000/ws/2e81129a-9868-42b0-8876-4826b0e586a5' failed: Connection closed before receiving a handshake response @ http://localhost:3000/src/App.jsx:90
[  599496ms] [ERROR] WebSocket connection to 'ws://localhost:3000/ws/2e81129a-9868-42b0-8876-4826b0e586a5' failed: Connection closed before receiving a handshake response @ http://localhost:3000/src/App.jsx:90
[  606658ms] [ERROR] WebSocket connection to 'ws://localhost:3000/ws/2e81129a-9868-42b0-8876-4826b0e586a5' failed: Connection closed before receiving a handshake response @ http://localhost:3000/src/App.jsx:90
[  606826ms] [ERROR] WebSocket connection to 'ws://localhost:3000/ws/2e81129a-9868-42b0-8876-4826b0e586a5' failed: Connection closed before receiving a handshake response @ http://localhost:3000/src/App.jsx:90
[  609664ms] [ERROR] WebSocket connection to 'ws://localhost:3000/ws/2e81129a-9868-42b0-8876-4826b0e586a5' failed: Connection closed before receiving a handshake response @ http://localhost:3000/src/App.jsx:90
[  609831ms] [ERROR] WebSocket connection to 'ws://localhost:3000/ws/2e81129a-9868-42b0-8876-4826b0e586a5' failed: Connection closed before receiving a handshake response @ http://localhost:3000/src/App.jsx:90
[  612671ms] [ERROR] WebSocket connection to 'ws://localhost:3000/ws/2e81129a-9868-42b0-8876-4826b0e586a5' failed: Connection closed before receiving a handshake response @ http://localhost:3000/src/App.jsx:90
[  612835ms] [ERROR] WebSocket connection to 'ws://localhost:3000/ws/2e81129a-9868-42b0-8876-4826b0e586a5' failed: Connection closed before receiving a handshake response @ http://localhost:3000/src/App.jsx:90
[  615677ms] [ERROR] WebSocket connection to 'ws://localhost:3000/ws/2e81129a-9868-42b0-8876-4826b0e586a5' failed: Connection closed before receiving a handshake response @ http://localhost:3000/src/App.jsx:90
[  615842ms] [ERROR] WebSocket connection to 'ws://localhost:3000/ws/2e81129a-9868-42b0-8876-4826b0e586a5' failed: Connection closed before receiving a handshake response @ http://localhost:3000/src/App.jsx:90
[  618690ms] [ERROR] WebSocket connection to 'ws://localhost:3000/ws/2e81129a-9868-42b0-8876-4826b0e586a5' failed: Connection closed before receiving a handshake response @ http://localhost:3000/src/App.jsx:90
[  618866ms] [ERROR] WebSocket connection to 'ws://localhost:3000/ws/2e81129a-9868-42b0-8876-4826b0e586a5' failed: Connection closed before receiving a handshake response @ http://localhost:3000/src/App.jsx:90
[  621714ms] [ERROR] WebSocket connection to 'ws://localhost:3000/ws/2e81129a-9868-42b0-8876-4826b0e586a5' failed: Connection closed before receiving a handshake response @ http://localhost:3000/src/App.jsx:90
[  621949ms] [ERROR] WebSocket connection to 'ws://localhost:3000/ws/2e81129a-9868-42b0-8876-4826b0e586a5' failed: Connection closed before receiving a handshake response @ http://localhost:3000/src/App.jsx:90
[  624784ms] [ERROR] WebSocket connection to 'ws://localhost:3000/ws/2e81129a-9868-42b0-8876-4826b0e586a5' failed: Connection closed before receiving a handshake response @ http://localhost:3000/src/App.jsx:90
[  625061ms] [ERROR] WebSocket connection to 'ws://localhost:3000/ws/2e81129a-9868-42b0-8876-4826b0e586a5' failed: Connection closed before receiving a handshake response @ http://localhost:3000/src/App.jsx:90
[  627989ms] [ERROR] WebSocket connection to 'ws://localhost:3000/ws/2e81129a-9868-42b0-8876-4826b0e586a5' failed: Connection closed before receiving a handshake response @ http://localhost:3000/src/App.jsx:90
[  628743ms] [ERROR] WebSocket connection to 'ws://localhost:3000/ws/2e81129a-9868-42b0-8876-4826b0e586a5' failed: Connection closed before receiving a handshake response @ http://localhost:3000/src/App.jsx:90
[  632298ms] [ERROR] WebSocket connection to 'ws://localhost:3000/ws/2e81129a-9868-42b0-8876-4826b0e586a5' failed: Connection closed before receiving a handshake response @ http://localhost:3000/src/App.jsx:90
[  634263ms] [ERROR] WebSocket connection to 'ws://localhost:3000/ws/2e81129a-9868-42b0-8876-4826b0e586a5' failed: Connection closed before receiving a handshake response @ http://localhost:3000/src/App.jsx:90
[  637236ms] [ERROR] WebSocket connection to 'ws://localhost:3000/ws/2e81129a-9868-42b0-8876-4826b0e586a5' failed: Connection closed before receiving a handshake response @ http://localhost:3000/src/App.jsx:90
[  641048ms] [ERROR] WebSocket connection to 'ws://localhost:3000/ws/2e81129a-9868-42b0-8876-4826b0e586a5' failed: Connection closed before receiving a handshake response @ http://localhost:3000/src/App.jsx:90
[  641963ms] [ERROR] WebSocket connection to 'ws://localhost:3000/ws/2e81129a-9868-42b0-8876-4826b0e586a5' failed: Connection closed before receiving a handshake response @ http://localhost:3000/src/App.jsx:90
[  648895ms] [ERROR] WebSocket connection to 'ws://localhost:3000/ws/2e81129a-9868-42b0-8876-4826b0e586a5' failed: Connection closed before receiving a handshake response @ http://localhost:3000/src/App.jsx:90
[  649299ms] [ERROR] WebSocket connection to 'ws://localhost:3000/ws/2e81129a-9868-42b0-8876-4826b0e586a5' failed: Connection closed before receiving a handshake response @ http://localhost:3000/src/App.jsx:90
[  655125ms] [ERROR] WebSocket connection to 'ws://localhost:3000/ws/2e81129a-9868-42b0-8876-4826b0e586a5' failed: Connection closed before receiving a handshake response @ http://localhost:3000/src/App.jsx:90
[  656857ms] [ERROR] WebSocket connection to 'ws://localhost:3000/ws/2e81129a-9868-42b0-8876-4826b0e586a5' failed: Connection closed before receiving a handshake response @ http://localhost:3000/src/App.jsx:90
[  660005ms] [ERROR] WebSocket connection to 'ws://localhost:3000/ws/2e81129a-9868-42b0-8876-4826b0e586a5' failed: Connection closed before receiving a handshake response @ http://localhost:3000/src/App.jsx:90
[  661079ms] [ERROR] WebSocket connection to 'ws://localhost:3000/ws/2e81129a-9868-42b0-8876-4826b0e586a5' failed: Connection closed before receiving a handshake response @ http://localhost:3000/src/App.jsx:90
[  664546ms] [ERROR] WebSocket connection to 'ws://localhost:3000/ws/2e81129a-9868-42b0-8876-4826b0e586a5' failed: Connection closed before receiving a handshake response @ http://localhost:3000/src/App.jsx:90
[  665896ms] [ERROR] WebSocket connection to 'ws://localhost:3000/ws/2e81129a-9868-42b0-8876-4826b0e586a5' failed: Connection closed before receiving a handshake response @ http://localhost:3000/src/App.jsx:90
[  668601ms] [ERROR] WebSocket connection to 'ws://localhost:3000/ws/2e81129a-9868-42b0-8876-4826b0e586a5' failed: Connection closed before receiving a handshake response @ http://localhost:3000/src/App.jsx:90
[  671508ms] [ERROR] WebSocket connection to 'ws://localhost:3000/ws/2e81129a-9868-42b0-8876-4826b0e586a5' failed: Connection closed before receiving a handshake response @ http://localhost:3000/src/App.jsx:90
[  674547ms] [ERROR] WebSocket connection to 'ws://localhost:3000/ws/2e81129a-9868-42b0-8876-4826b0e586a5' failed: Connection closed before receiving a handshake response @ http://localhost:3000/src/App.jsx:90
[  678573ms] [ERROR] WebSocket connection to 'ws://localhost:3000/ws/2e81129a-9868-42b0-8876-4826b0e586a5' failed: Connection closed before receiving a handshake response @ http://localhost:3000/src/App.jsx:90
[  680029ms] [ERROR] WebSocket connection to 'ws://localhost:3000/ws/2e81129a-9868-42b0-8876-4826b0e586a5' failed: Connection closed before receiving a handshake response @ http://localhost:3000/src/App.jsx:90
[  684262ms] [ERROR] WebSocket connection to 'ws://localhost:3000/ws/2e81129a-9868-42b0-8876-4826b0e586a5' failed: Connection closed before receiving a handshake response @ http://localhost:3000/src/App.jsx:90
[  685348ms] [ERROR] WebSocket connection to 'ws://localhost:3000/ws/2e81129a-9868-42b0-8876-4826b0e586a5' failed: Connection closed before receiving a handshake response @ http://localhost:3000/src/App.jsx:90
[  691148ms] [ERROR] WebSocket connection to 'ws://localhost:3000/ws/2e81129a-9868-42b0-8876-4826b0e586a5' failed: Connection closed before receiving a handshake response @ http://localhost:3000/src/App.jsx:90
[  691191ms] [ERROR] WebSocket connection to 'ws://localhost:3000/ws/2e81129a-9868-42b0-8876-4826b0e586a5' failed: Connection closed before receiving a handshake response @ http://localhost:3000/src/App.jsx:90
[  695794ms] [ERROR] WebSocket connection to 'ws://localhost:3000/ws/2e81129a-9868-42b0-8876-4826b0e586a5' failed: Connection closed before receiving a handshake response @ http://localhost:3000/src/App.jsx:90
[  696181ms] [ERROR] WebSocket connection to 'ws://localhost:3000/ws/2e81129a-9868-42b0-8876-4826b0e586a5' failed: Connection closed before receiving a handshake response @ http://localhost:3000/src/App.jsx:90
[  702680ms] [ERROR] WebSocket connection to 'ws://localhost:3000/ws/2e81129a-9868-42b0-8876-4826b0e586a5' failed: Connection closed before receiving a handshake response @ http://localhost:3000/src/App.jsx:90
[  704132ms] [ERROR] WebSocket connection to 'ws://localhost:3000/ws/2e81129a-9868-42b0-8876-4826b0e586a5' failed: Connection closed before receiving a handshake response @ http://localhost:3000/src/App.jsx:90
[  709612ms] [ERROR] WebSocket connection to 'ws://localhost:3000/ws/2e81129a-9868-42b0-8876-4826b0e586a5' failed: Connection closed before receiving a handshake response @ http://localhost:3000/src/App.jsx:90
[  710130ms] [ERROR] WebSocket connection to 'ws://localhost:3000/ws/2e81129a-9868-42b0-8876-4826b0e586a5' failed: Connection closed before receiving a handshake response @ http://localhost:3000/src/App.jsx:90
[  715040ms] [ERROR] WebSocket connection to 'ws://localhost:3000/ws/2e81129a-9868-42b0-8876-4826b0e586a5' failed: Connection closed before receiving a handshake response @ http://localhost:3000/src/App.jsx:90
[  715273ms] [ERROR] WebSocket connection to 'ws://localhost:3000/ws/2e81129a-9868-42b0-8876-4826b0e586a5' failed: Connection closed before receiving a handshake response @ http://localhost:3000/src/App.jsx:90
[  721074ms] [ERROR] WebSocket connection to 'ws://localhost:3000/ws/2e81129a-9868-42b0-8876-4826b0e586a5' failed: Connection closed before receiving a handshake response @ http://localhost:3000/src/App.jsx:90
[  721425ms] [ERROR] WebSocket connection to 'ws://localhost:3000/ws/2e81129a-9868-42b0-8876-4826b0e586a5' failed: Connection closed before receiving a handshake response @ http://localhost:3000/src/App.jsx:90
[  726799ms] [ERROR] WebSocket connection to 'ws://localhost:3000/ws/2e81129a-9868-42b0-8876-4826b0e586a5' failed: Connection closed before receiving a handshake response @ http://localhost:3000/src/App.jsx:90
[  726813ms] [ERROR] WebSocket connection to 'ws://localhost:3000/ws/2e81129a-9868-42b0-8876-4826b0e586a5' failed: Connection closed before receiving a handshake response @ http://localhost:3000/src/App.jsx:90
[  729806ms] [ERROR] WebSocket connection to 'ws://localhost:3000/ws/2e81129a-9868-42b0-8876-4826b0e586a5' failed: Connection closed before receiving a handshake response @ http://localhost:3000/src/App.jsx:90
[  729823ms] [ERROR] WebSocket connection to 'ws://localhost:3000/ws/2e81129a-9868-42b0-8876-4826b0e586a5' failed: Connection closed before receiving a handshake response @ http://localhost:3000/src/App.jsx:90
[  732815ms] [ERROR] WebSocket connection to 'ws://localhost:3000/ws/2e81129a-9868-42b0-8876-4826b0e586a5' failed: Connection closed before receiving a handshake response @ http://localhost:3000/src/App.jsx:90
[  732829ms] [ERROR] WebSocket connection to 'ws://localhost:3000/ws/2e81129a-9868-42b0-8876-4826b0e586a5' failed: Connection closed before receiving a handshake response @ http://localhost:3000/src/App.jsx:90
[  735827ms] [ERROR] WebSocket connection to 'ws://localhost:3000/ws/2e81129a-9868-42b0-8876-4826b0e586a5' failed: Connection closed before receiving a handshake response @ http://localhost:3000/src/App.jsx:90
[  735839ms] [ERROR] WebSocket connection to 'ws://localhost:3000/ws/2e81129a-9868-42b0-8876-4826b0e586a5' failed: Connection closed before receiving a handshake response @ http://localhost:3000/src/App.jsx:90
[  738841ms] [ERROR] WebSocket connection to 'ws://localhost:3000/ws/2e81129a-9868-42b0-8876-4826b0e586a5' failed: Connection closed before receiving a handshake response @ http://localhost:3000/src/App.jsx:90
[  738856ms] [ERROR] WebSocket connection to 'ws://localhost:3000/ws/2e81129a-9868-42b0-8876-4826b0e586a5' failed: Connection closed before receiving a handshake response @ http://localhost:3000/src/App.jsx:90
[  741871ms] [ERROR] WebSocket connection to 'ws://localhost:3000/ws/2e81129a-9868-42b0-8876-4826b0e586a5' failed: Connection closed before receiving a handshake response @ http://localhost:3000/src/App.jsx:90
[  741886ms] [ERROR] WebSocket connection to 'ws://localhost:3000/ws/2e81129a-9868-42b0-8876-4826b0e586a5' failed: Connection closed before receiving a handshake response @ http://localhost:3000/src/App.jsx:90
[  745004ms] [ERROR] WebSocket connection to 'ws://localhost:3000/ws/2e81129a-9868-42b0-8876-4826b0e586a5' failed: Connection closed before receiving a handshake response @ http://localhost:3000/src/App.jsx:90
[  745058ms] [ERROR] WebSocket connection to 'ws://localhost:3000/ws/2e81129a-9868-42b0-8876-4826b0e586a5' failed: Connection closed before receiving a handshake response @ http://localhost:3000/src/App.jsx:90
[  748547ms] [ERROR] WebSocket connection to 'ws://localhost:3000/ws/2e81129a-9868-42b0-8876-4826b0e586a5' failed: Connection closed before receiving a handshake response @ http://localhost:3000/src/App.jsx:90
[  748616ms] [ERROR] WebSocket connection to 'ws://localhost:3000/ws/2e81129a-9868-42b0-8876-4826b0e586a5' failed: Connection closed before receiving a handshake response @ http://localhost:3000/src/App.jsx:90
[  752605ms] [ERROR] WebSocket connection to 'ws://localhost:3000/ws/2e81129a-9868-42b0-8876-4826b0e586a5' failed: Connection closed before receiving a handshake response @ http://localhost:3000/src/App.jsx:90
[  755765ms] [ERROR] WebSocket connection to 'ws://localhost:3000/ws/2e81129a-9868-42b0-8876-4826b0e586a5' failed: Connection closed before receiving a handshake response @ http://localhost:3000/src/App.jsx:90
[  758884ms] [ERROR] WebSocket connection to 'ws://localhost:3000/ws/2e81129a-9868-42b0-8876-4826b0e586a5' failed: Connection closed before receiving a handshake response @ http://localhost:3000/src/App.jsx:90
[  763204ms] [ERROR] WebSocket connection to 'ws://localhost:3000/ws/2e81129a-9868-42b0-8876-4826b0e586a5' failed: Connection closed before receiving a handshake response @ http://localhost:3000/src/App.jsx:90
[  764084ms] [ERROR] WebSocket connection to 'ws://localhost:3000/ws/2e81129a-9868-42b0-8876-4826b0e586a5' failed: Connection closed before receiving a handshake response @ http://localhost:3000/src/App.jsx:90
[  768547ms] [ERROR] WebSocket connection to 'ws://localhost:3000/ws/2e81129a-9868-42b0-8876-4826b0e586a5' failed: Connection closed before receiving a handshake response @ http://localhost:3000/src/App.jsx:90
[  771190ms] [ERROR] WebSocket connection to 'ws://localhost:3000/ws/2e81129a-9868-42b0-8876-4826b0e586a5' failed: Connection closed before receiving a handshake response @ http://localhost:3000/src/App.jsx:90
[  774472ms] [ERROR] WebSocket connection to 'ws://localhost:3000/ws/2e81129a-9868-42b0-8876-4826b0e586a5' failed: Connection closed before receiving a handshake response @ http://localhost:3000/src/App.jsx:90
[  776163ms] [ERROR] WebSocket connection to 'ws://localhost:3000/ws/2e81129a-9868-42b0-8876-4826b0e586a5' failed: Connection closed before receiving a handshake response @ http://localhost:3000/src/App.jsx:90
[  780162ms] [ERROR] WebSocket connection to 'ws://localhost:3000/ws/2e81129a-9868-42b0-8876-4826b0e586a5' failed: Connection closed before receiving a handshake response @ http://localhost:3000/src/App.jsx:90
[  783106ms] [ERROR] WebSocket connection to 'ws://localhost:3000/ws/2e81129a-9868-42b0-8876-4826b0e586a5' failed: Connection closed before receiving a handshake response @ http://localhost:3000/src/App.jsx:90
[  787755ms] [ERROR] WebSocket connection to 'ws://localhost:3000/ws/2e81129a-9868-42b0-8876-4826b0e586a5' failed: Connection closed before receiving a handshake response @ http://localhost:3000/src/App.jsx:90
[  790241ms] [ERROR] WebSocket connection to 'ws://localhost:3000/ws/2e81129a-9868-42b0-8876-4826b0e586a5' failed: Connection closed before receiving a handshake response @ http://localhost:3000/src/App.jsx:90
[  792576ms] [ERROR] WebSocket connection to 'ws://localhost:3000/ws/2e81129a-9868-42b0-8876-4826b0e586a5' failed: Connection closed before receiving a handshake response @ http://localhost:3000/src/App.jsx:90
[  794894ms] [ERROR] WebSocket connection to 'ws://localhost:3000/ws/2e81129a-9868-42b0-8876-4826b0e586a5' failed: Connection closed before receiving a handshake response @ http://localhost:3000/src/App.jsx:90
[  797605ms] [ERROR] WebSocket connection to 'ws://localhost:3000/ws/2e81129a-9868-42b0-8876-4826b0e586a5' failed: Connection closed before receiving a handshake response @ http://localhost:3000/src/App.jsx:90
[  801562ms] [ERROR] WebSocket connection to 'ws://localhost:3000/ws/2e81129a-9868-42b0-8876-4826b0e586a5' failed: Connection closed before receiving a handshake response @ http://localhost:3000/src/App.jsx:90
[  804432ms] [ERROR] WebSocket connection to 'ws://localhost:3000/ws/2e81129a-9868-42b0-8876-4826b0e586a5' failed: Connection closed before receiving a handshake response @ http://localhost:3000/src/App.jsx:90
[  807559ms] [ERROR] WebSocket connection to 'ws://localhost:3000/ws/2e81129a-9868-42b0-8876-4826b0e586a5' failed: Connection closed before receiving a handshake response @ http://localhost:3000/src/App.jsx:90
[  809148ms] [ERROR] WebSocket connection to 'ws://localhost:3000/ws/2e81129a-9868-42b0-8876-4826b0e586a5' failed: Connection closed before receiving a handshake response @ http://localhost:3000/src/App.jsx:90
[  812748ms] [ERROR] WebSocket connection to 'ws://localhost:3000/ws/2e81129a-9868-42b0-8876-4826b0e586a5' failed: Connection closed before receiving a handshake response @ http://localhost:3000/src/App.jsx:90
[  813668ms] [ERROR] WebSocket connection to 'ws://localhost:3000/ws/2e81129a-9868-42b0-8876-4826b0e586a5' failed: Connection closed before receiving a handshake response @ http://localhost:3000/src/App.jsx:90
[  817827ms] [ERROR] WebSocket connection to 'ws://localhost:3000/ws/2e81129a-9868-42b0-8876-4826b0e586a5' failed: Connection closed before receiving a handshake response @ http://localhost:3000/src/App.jsx:90
[  820592ms] [ERROR] WebSocket connection to 'ws://localhost:3000/ws/2e81129a-9868-42b0-8876-4826b0e586a5' failed: Connection closed before receiving a handshake response @ http://localhost:3000/src/App.jsx:90
[  822749ms] [ERROR] WebSocket connection to 'ws://localhost:3000/ws/2e81129a-9868-42b0-8876-4826b0e586a5' failed: Connection closed before receiving a handshake response @ http://localhost:3000/src/App.jsx:90
[  827672ms] [ERROR] WebSocket connection to 'ws://localhost:3000/ws/2e81129a-9868-42b0-8876-4826b0e586a5' failed: Connection closed before receiving a handshake response @ http://localhost:3000/src/App.jsx:90
[  828348ms] [ERROR] WebSocket connection to 'ws://localhost:3000/ws/2e81129a-9868-42b0-8876-4826b0e586a5' failed: Connection closed before receiving a handshake response @ http://localhost:3000/src/App.jsx:90
[  834008ms] [ERROR] WebSocket connection to 'ws://localhost:3000/ws/2e81129a-9868-42b0-8876-4826b0e586a5' failed: Connection closed before receiving a handshake response @ http://localhost:3000/src/App.jsx:90
[  835375ms] [ERROR] WebSocket connection to 'ws://localhost:3000/ws/2e81129a-9868-42b0-8876-4826b0e586a5' failed: Connection closed before receiving a handshake response @ http://localhost:3000/src/App.jsx:90
[  841716ms] [ERROR] WebSocket connection to 'ws://localhost:3000/ws/2e81129a-9868-42b0-8876-4826b0e586a5' failed: Connection closed before receiving a handshake response @ http://localhost:3000/src/App.jsx:90
[  843160ms] [ERROR] WebSocket connection to 'ws://localhost:3000/ws/2e81129a-9868-42b0-8876-4826b0e586a5' failed: Connection closed before receiving a handshake response @ http://localhost:3000/src/App.jsx:90
[  845826ms] [ERROR] WebSocket connection to 'ws://localhost:3000/ws/2e81129a-9868-42b0-8876-4826b0e586a5' failed: Connection closed before receiving a handshake response @ http://localhost:3000/src/App.jsx:90
[  849673ms] [ERROR] WebSocket connection to 'ws://localhost:3000/ws/2e81129a-9868-42b0-8876-4826b0e586a5' failed: Connection closed before receiving a handshake response @ http://localhost:3000/src/App.jsx:90
[  851574ms] [ERROR] WebSocket connection to 'ws://localhost:3000/ws/2e81129a-9868-42b0-8876-4826b0e586a5' failed: Connection closed before receiving a handshake response @ http://localhost:3000/src/App.jsx:90
[  854315ms] [ERROR] WebSocket connection to 'ws://localhost:3000/ws/2e81129a-9868-42b0-8876-4826b0e586a5' failed: Connection closed before receiving a handshake response @ http://localhost:3000/src/App.jsx:90
[  856841ms] [ERROR] WebSocket connection to 'ws://localhost:3000/ws/2e81129a-9868-42b0-8876-4826b0e586a5' failed: Connection closed before receiving a handshake response @ http://localhost:3000/src/App.jsx:90
[  859924ms] [ERROR] WebSocket connection to 'ws://localhost:3000/ws/2e81129a-9868-42b0-8876-4826b0e586a5' failed: Connection closed before receiving a handshake response @ http://localhost:3000/src/App.jsx:90
[  863795ms] [ERROR] WebSocket connection to 'ws://localhost:3000/ws/2e81129a-9868-42b0-8876-4826b0e586a5' failed: Connection closed before receiving a handshake response @ http://localhost:3000/src/App.jsx:90
[  867896ms] [ERROR] WebSocket connection to 'ws://localhost:3000/ws/2e81129a-9868-42b0-8876-4826b0e586a5' failed: Connection closed before receiving a handshake response @ http://localhost:3000/src/App.jsx:90
[  868482ms] [ERROR] WebSocket connection to 'ws://localhost:3000/ws/2e81129a-9868-42b0-8876-4826b0e586a5' failed: Connection closed before receiving a handshake response @ http://localhost:3000/src/App.jsx:90
[  873049ms] [ERROR] WebSocket connection to 'ws://localhost:3000/ws/2e81129a-9868-42b0-8876-4826b0e586a5' failed: Connection closed before receiving a handshake response @ http://localhost:3000/src/App.jsx:90
[  873996ms] [ERROR] WebSocket connection to 'ws://localhost:3000/ws/2e81129a-9868-42b0-8876-4826b0e586a5' failed: Connection closed before receiving a handshake response @ http://localhost:3000/src/App.jsx:90
[  878817ms] [ERROR] WebSocket connection to 'ws://localhost:3000/ws/2e81129a-9868-42b0-8876-4826b0e586a5' failed: Connection closed before receiving a handshake response @ http://localhost:3000/src/App.jsx:90
[  880974ms] [ERROR] WebSocket connection to 'ws://localhost:3000/ws/2e81129a-9868-42b0-8876-4826b0e586a5' failed: Connection closed before receiving a handshake response @ http://localhost:3000/src/App.jsx:90
[  886483ms] [ERROR] WebSocket connection to 'ws://localhost:3000/ws/2e81129a-9868-42b0-8876-4826b0e586a5' failed: Connection closed before receiving a handshake response @ http://localhost:3000/src/App.jsx:90
[  887814ms] [ERROR] WebSocket connection to 'ws://localhost:3000/ws/2e81129a-9868-42b0-8876-4826b0e586a5' failed: Connection closed before receiving a handshake response @ http://localhost:3000/src/App.jsx:90
[  890743ms] [ERROR] WebSocket connection to 'ws://localhost:3000/ws/2e81129a-9868-42b0-8876-4826b0e586a5' failed: Connection closed before receiving a handshake response @ http://localhost:3000/src/App.jsx:90
[  893362ms] [ERROR] WebSocket connection to 'ws://localhost:3000/ws/2e81129a-9868-42b0-8876-4826b0e586a5' failed: Connection closed before receiving a handshake response @ http://localhost:3000/src/App.jsx:90
[  895602ms] [ERROR] WebSocket connection to 'ws://localhost:3000/ws/2e81129a-9868-42b0-8876-4826b0e586a5' failed: Connection closed before receiving a handshake response @ http://localhost:3000/src/App.jsx:90
[  899104ms] [ERROR] WebSocket connection to 'ws://localhost:3000/ws/2e81129a-9868-42b0-8876-4826b0e586a5' failed: Connection closed before receiving a handshake response @ http://localhost:3000/src/App.jsx:90
[  903446ms] [ERROR] WebSocket connection to 'ws://localhost:3000/ws/2e81129a-9868-42b0-8876-4826b0e586a5' failed: Connection closed before receiving a handshake response @ http://localhost:3000/src/App.jsx:90
[  903981ms] [ERROR] WebSocket connection to 'ws://localhost:3000/ws/2e81129a-9868-42b0-8876-4826b0e586a5' failed: Connection closed before receiving a handshake response @ http://localhost:3000/src/App.jsx:90
[  908537ms] [ERROR] WebSocket connection to 'ws://localhost:3000/ws/2e81129a-9868-42b0-8876-4826b0e586a5' failed: Connection closed before receiving a handshake response @ http://localhost:3000/src/App.jsx:90
[  909180ms] [ERROR] WebSocket connection to 'ws://localhost:3000/ws/2e81129a-9868-42b0-8876-4826b0e586a5' failed: Connection closed before receiving a handshake response @ http://localhost:3000/src/App.jsx:90
[  915263ms] [ERROR] WebSocket connection to 'ws://localhost:3000/ws/2e81129a-9868-42b0-8876-4826b0e586a5' failed: Connection closed before receiving a handshake response @ http://localhost:3000/src/App.jsx:90
[  916079ms] [ERROR] WebSocket connection to 'ws://localhost:3000/ws/2e81129a-9868-42b0-8876-4826b0e586a5' failed: Connection closed before receiving a handshake response @ http://localhost:3000/src/App.jsx:90
[  921445ms] [ERROR] WebSocket connection to 'ws://localhost:3000/ws/2e81129a-9868-42b0-8876-4826b0e586a5' failed: Connection closed before receiving a handshake response @ http://localhost:3000/src/App.jsx:90
[  923422ms] [ERROR] WebSocket connection to 'ws://localhost:3000/ws/2e81129a-9868-42b0-8876-4826b0e586a5' failed: Connection closed before receiving a handshake response @ http://localhost:3000/src/App.jsx:90
[  927857ms] [ERROR] WebSocket connection to 'ws://localhost:3000/ws/2e81129a-9868-42b0-8876-4826b0e586a5' failed: Connection closed before receiving a handshake response @ http://localhost:3000/src/App.jsx:90
[  930262ms] [ERROR] WebSocket connection to 'ws://localhost:3000/ws/2e81129a-9868-42b0-8876-4826b0e586a5' failed: Connection closed before receiving a handshake response @ http://localhost:3000/src/App.jsx:90
[  934166ms] [ERROR] WebSocket connection to 'ws://localhost:3000/ws/2e81129a-9868-42b0-8876-4826b0e586a5' failed: Connection closed before receiving a handshake response @ http://localhost:3000/src/App.jsx:90
[  935054ms] [ERROR] WebSocket connection to 'ws://localhost:3000/ws/2e81129a-9868-42b0-8876-4826b0e586a5' failed: Connection closed before receiving a handshake response @ http://localhost:3000/src/App.jsx:90
[  941545ms] [ERROR] WebSocket connection to 'ws://localhost:3000/ws/2e81129a-9868-42b0-8876-4826b0e586a5' failed: Connection closed before receiving a handshake response @ http://localhost:3000/src/App.jsx:90
[  942421ms] [ERROR] WebSocket connection to 'ws://localhost:3000/ws/2e81129a-9868-42b0-8876-4826b0e586a5' failed: Connection closed before receiving a handshake response @ http://localhost:3000/src/App.jsx:90
[  948458ms] [ERROR] WebSocket connection to 'ws://localhost:3000/ws/2e81129a-9868-42b0-8876-4826b0e586a5' failed: Connection closed before receiving a handshake response @ http://localhost:3000/src/App.jsx:90
[  948906ms] [ERROR] WebSocket connection to 'ws://localhost:3000/ws/2e81129a-9868-42b0-8876-4826b0e586a5' failed: Connection closed before receiving a handshake response @ http://localhost:3000/src/App.jsx:90
[  952965ms] [ERROR] WebSocket connection to 'ws://localhost:3000/ws/2e81129a-9868-42b0-8876-4826b0e586a5' failed: Connection closed before receiving a handshake response @ http://localhost:3000/src/App.jsx:90
[  954970ms] [ERROR] WebSocket connection to 'ws://localhost:3000/ws/2e81129a-9868-42b0-8876-4826b0e586a5' failed: Connection closed before receiving a handshake response @ http://localhost:3000/src/App.jsx:90
[  958588ms] [ERROR] WebSocket connection to 'ws://localhost:3000/ws/2e81129a-9868-42b0-8876-4826b0e586a5' failed: Connection closed before receiving a handshake response @ http://localhost:3000/src/App.jsx:90
[  960929ms] [ERROR] WebSocket connection to 'ws://localhost:3000/ws/2e81129a-9868-42b0-8876-4826b0e586a5' failed: Connection closed before receiving a handshake response @ http://localhost:3000/src/App.jsx:90
[  963116ms] [ERROR] WebSocket connection to 'ws://localhost:3000/ws/2e81129a-9868-42b0-8876-4826b0e586a5' failed: Connection closed before receiving a handshake response @ http://localhost:3000/src/App.jsx:90
[  966561ms] [ERROR] WebSocket connection to 'ws://localhost:3000/ws/2e81129a-9868-42b0-8876-4826b0e586a5' failed: Connection closed before receiving a handshake response @ http://localhost:3000/src/App.jsx:90
[  968039ms] [ERROR] WebSocket connection to 'ws://localhost:3000/ws/2e81129a-9868-42b0-8876-4826b0e586a5' failed: Connection closed before receiving a handshake response @ http://localhost:3000/src/App.jsx:90
[  972097ms] [ERROR] WebSocket connection to 'ws://localhost:3000/ws/2e81129a-9868-42b0-8876-4826b0e586a5' failed: Connection closed before receiving a handshake response @ http://localhost:3000/src/App.jsx:90
[  974951ms] [ERROR] WebSocket connection to 'ws://localhost:3000/ws/2e81129a-9868-42b0-8876-4826b0e586a5' failed: Connection closed before receiving a handshake response @ http://localhost:3000/src/App.jsx:90
[  976955ms] [ERROR] WebSocket connection to 'ws://localhost:3000/ws/2e81129a-9868-42b0-8876-4826b0e586a5' failed: Connection closed before receiving a handshake response @ http://localhost:3000/src/App.jsx:90
[  979995ms] [ERROR] WebSocket connection to 'ws://localhost:3000/ws/2e81129a-9868-42b0-8876-4826b0e586a5' failed: Connection closed before receiving a handshake response @ http://localhost:3000/src/App.jsx:90
[  981405ms] [ERROR] WebSocket connection to 'ws://localhost:3000/ws/2e81129a-9868-42b0-8876-4826b0e586a5' failed: Connection closed before receiving a handshake response @ http://localhost:3000/src/App.jsx:90
[  987536ms] [ERROR] WebSocket connection to 'ws://localhost:3000/ws/2e81129a-9868-42b0-8876-4826b0e586a5' failed: Connection closed before receiving a handshake response @ http://localhost:3000/src/App.jsx:90
[  989104ms] [ERROR] WebSocket connection to 'ws://localhost:3000/ws/2e81129a-9868-42b0-8876-4826b0e586a5' failed: Connection closed before receiving a handshake response @ http://localhost:3000/src/App.jsx:90
[  993070ms] [ERROR] WebSocket connection to 'ws://localhost:3000/ws/2e81129a-9868-42b0-8876-4826b0e586a5' failed: Connection closed before receiving a handshake response @ http://localhost:3000/src/App.jsx:90
[  995590ms] [ERROR] WebSocket connection to 'ws://localhost:3000/ws/2e81129a-9868-42b0-8876-4826b0e586a5' failed: Connection closed before receiving a handshake response @ http://localhost:3000/src/App.jsx:90
[  999642ms] [ERROR] WebSocket connection to 'ws://localhost:3000/ws/2e81129a-9868-42b0-8876-4826b0e586a5' failed: Connection closed before receiving a handshake response @ http://localhost:3000/src/App.jsx:90
[  999978ms] [ERROR] WebSocket connection to 'ws://localhost:3000/ws/2e81129a-9868-42b0-8876-4826b0e586a5' failed: Connection closed before receiving a handshake response @ http://localhost:3000/src/App.jsx:90
[ 1006234ms] [ERROR] WebSocket connection to 'ws://localhost:3000/ws/2e81129a-9868-42b0-8876-4826b0e586a5' failed: Connection closed before receiving a handshake response @ http://localhost:3000/src/App.jsx:90
[ 1007249ms] [ERROR] WebSocket connection to 'ws://localhost:3000/ws/2e81129a-9868-42b0-8876-4826b0e586a5' failed: Connection closed before receiving a handshake response @ http://localhost:3000/src/App.jsx:90
[ 1010412ms] [ERROR] WebSocket connection to 'ws://localhost:3000/ws/2e81129a-9868-42b0-8876-4826b0e586a5' failed: Connection closed before receiving a handshake response @ http://localhost:3000/src/App.jsx:90
[ 1012681ms] [ERROR] WebSocket connection to 'ws://localhost:3000/ws/2e81129a-9868-42b0-8876-4826b0e586a5' failed: Connection closed before receiving a handshake response @ http://localhost:3000/src/App.jsx:90
[ 1014931ms] [ERROR] WebSocket connection to 'ws://localhost:3000/ws/2e81129a-9868-42b0-8876-4826b0e586a5' failed: Connection closed before receiving a handshake response @ http://localhost:3000/src/App.jsx:90
[ 1019070ms] [ERROR] WebSocket connection to 'ws://localhost:3000/ws/2e81129a-9868-42b0-8876-4826b0e586a5' failed: Connection closed before receiving a handshake response @ http://localhost:3000/src/App.jsx:90
[ 1019336ms] [ERROR] WebSocket connection to 'ws://localhost:3000/ws/2e81129a-9868-42b0-8876-4826b0e586a5' failed: Connection closed before receiving a handshake response @ http://localhost:3000/src/App.jsx:90
[ 1024234ms] [ERROR] WebSocket connection to 'ws://localhost:3000/ws/2e81129a-9868-42b0-8876-4826b0e586a5' failed: Connection closed before receiving a handshake response @ http://localhost:3000/src/App.jsx:90
[ 1026997ms] [ERROR] WebSocket connection to 'ws://localhost:3000/ws/2e81129a-9868-42b0-8876-4826b0e586a5' failed: Connection closed before receiving a handshake response @ http://localhost:3000/src/App.jsx:90
[ 1031047ms] [ERROR] WebSocket connection to 'ws://localhost:3000/ws/2e81129a-9868-42b0-8876-4826b0e586a5' failed: Connection closed before receiving a handshake response @ http://localhost:3000/src/App.jsx:90
[ 1034662ms] [ERROR] WebSocket connection to 'ws://localhost:3000/ws/2e81129a-9868-42b0-8876-4826b0e586a5' failed: Connection closed before receiving a handshake response @ http://localhost:3000/src/App.jsx:90
[ 1036859ms] [ERROR] WebSocket connection to 'ws://localhost:3000/ws/2e81129a-9868-42b0-8876-4826b0e586a5' failed: Connection closed before receiving a handshake response @ http://localhost:3000/src/App.jsx:90
[ 1039357ms] [ERROR] WebSocket connection to 'ws://localhost:3000/ws/2e81129a-9868-42b0-8876-4826b0e586a5' failed: Connection closed before receiving a handshake response @ http://localhost:3000/src/App.jsx:90
[ 1042129ms] [ERROR] WebSocket connection to 'ws://localhost:3000/ws/2e81129a-9868-42b0-8876-4826b0e586a5' failed: Connection closed before receiving a handshake response @ http://localhost:3000/src/App.jsx:90
[ 1044059ms] [ERROR] WebSocket connection to 'ws://localhost:3000/ws/2e81129a-9868-42b0-8876-4826b0e586a5' failed: Connection closed before receiving a handshake response @ http://localhost:3000/src/App.jsx:90
[ 1048116ms] [ERROR] WebSocket connection to 'ws://localhost:3000/ws/2e81129a-9868-42b0-8876-4826b0e586a5' failed: Connection closed before receiving a handshake response @ http://localhost:3000/src/App.jsx:90
[ 1049546ms] [ERROR] WebSocket connection to 'ws://localhost:3000/ws/2e81129a-9868-42b0-8876-4826b0e586a5' failed: Connection closed before receiving a handshake response @ http://localhost:3000/src/App.jsx:90
[ 1055937ms] [ERROR] WebSocket connection to 'ws://localhost:3000/ws/2e81129a-9868-42b0-8876-4826b0e586a5' failed: Connection closed before receiving a handshake response @ http://localhost:3000/src/App.jsx:90
[ 1057197ms] [ERROR] WebSocket connection to 'ws://localhost:3000/ws/2e81129a-9868-42b0-8876-4826b0e586a5' failed: Connection closed before receiving a handshake response @ http://localhost:3000/src/App.jsx:90
[ 1061803ms] [ERROR] WebSocket connection to 'ws://localhost:3000/ws/2e81129a-9868-42b0-8876-4826b0e586a5' failed: Connection closed before receiving a handshake response @ http://localhost:3000/src/App.jsx:90
[ 1063622ms] [ERROR] WebSocket connection to 'ws://localhost:3000/ws/2e81129a-9868-42b0-8876-4826b0e586a5' failed: Connection closed before receiving a handshake response @ http://localhost:3000/src/App.jsx:90
[ 1067978ms] [ERROR] WebSocket connection to 'ws://localhost:3000/ws/2e81129a-9868-42b0-8876-4826b0e586a5' failed: Connection closed before receiving a handshake response @ http://localhost:3000/src/App.jsx:90
[ 1070023ms] [ERROR] WebSocket connection to 'ws://localhost:3000/ws/2e81129a-9868-42b0-8876-4826b0e586a5' failed: Connection closed before receiving a handshake response @ http://localhost:3000/src/App.jsx:90
[ 1074705ms] [ERROR] WebSocket connection to 'ws://localhost:3000/ws/2e81129a-9868-42b0-8876-4826b0e586a5' failed: Connection closed before receiving a handshake response @ http://localhost:3000/src/App.jsx:90
[ 1076998ms] [ERROR] WebSocket connection to 'ws://localhost:3000/ws/2e81129a-9868-42b0-8876-4826b0e586a5' failed: Connection closed before receiving a handshake response @ http://localhost:3000/src/App.jsx:90
[ 1081012ms] [ERROR] WebSocket connection to 'ws://localhost:3000/ws/2e81129a-9868-42b0-8876-4826b0e586a5' failed: Connection closed before receiving a handshake response @ http://localhost:3000/src/App.jsx:90
[ 1082695ms] [ERROR] WebSocket connection to 'ws://localhost:3000/ws/2e81129a-9868-42b0-8876-4826b0e586a5' failed: Connection closed before receiving a handshake response @ http://localhost:3000/src/App.jsx:90
[ 1086256ms] [ERROR] WebSocket connection to 'ws://localhost:3000/ws/2e81129a-9868-42b0-8876-4826b0e586a5' failed: Connection closed before receiving a handshake response @ http://localhost:3000/src/App.jsx:90
[ 1087603ms] [ERROR] WebSocket connection to 'ws://localhost:3000/ws/2e81129a-9868-42b0-8876-4826b0e586a5' failed: Connection closed before receiving a handshake response @ http://localhost:3000/src/App.jsx:90
[ 1091228ms] [ERROR] WebSocket connection to 'ws://localhost:3000/ws/2e81129a-9868-42b0-8876-4826b0e586a5' failed: Connection closed before receiving a handshake response @ http://localhost:3000/src/App.jsx:90
[ 1091717ms] [ERROR] WebSocket connection to 'ws://localhost:3000/ws/2e81129a-9868-42b0-8876-4826b0e586a5' failed: Connection closed before receiving a handshake response @ http://localhost:3000/src/App.jsx:90
[ 1096061ms] [ERROR] WebSocket connection to 'ws://localhost:3000/ws/2e81129a-9868-42b0-8876-4826b0e586a5' failed: Connection closed before receiving a handshake response @ http://localhost:3000/src/App.jsx:90
[ 1096561ms] [ERROR] WebSocket connection to 'ws://localhost:3000/ws/2e81129a-9868-42b0-8876-4826b0e586a5' failed: Connection closed before receiving a handshake response @ http://localhost:3000/src/App.jsx:90
[ 1101529ms] [ERROR] WebSocket connection to 'ws://localhost:3000/ws/2e81129a-9868-42b0-8876-4826b0e586a5' failed: Connection closed before receiving a handshake response @ http://localhost:3000/src/App.jsx:90
[ 1101612ms] [ERROR] WebSocket connection to 'ws://localhost:3000/ws/2e81129a-9868-42b0-8876-4826b0e586a5' failed: Connection closed before receiving a handshake response @ http://localhost:3000/src/App.jsx:90
[ 1107712ms] [ERROR] WebSocket connection to 'ws://localhost:3000/ws/2e81129a-9868-42b0-8876-4826b0e586a5' failed: Connection closed before receiving a handshake response @ http://localhost:3000/src/App.jsx:90
[ 1108098ms] [ERROR] WebSocket connection to 'ws://localhost:3000/ws/2e81129a-9868-42b0-8876-4826b0e586a5' failed: Connection closed before receiving a handshake response @ http://localhost:3000/src/App.jsx:90
[ 1114604ms] [ERROR] WebSocket connection to 'ws://localhost:3000/ws/2e81129a-9868-42b0-8876-4826b0e586a5' failed: Connection closed before receiving a handshake response @ http://localhost:3000/src/App.jsx:90
[ 1115539ms] [ERROR] WebSocket connection to 'ws://localhost:3000/ws/2e81129a-9868-42b0-8876-4826b0e586a5' failed: Connection closed before receiving a handshake response @ http://localhost:3000/src/App.jsx:90
[ 1120707ms] [ERROR] WebSocket connection to 'ws://localhost:3000/ws/2e81129a-9868-42b0-8876-4826b0e586a5' failed: Connection closed before receiving a handshake response @ http://localhost:3000/src/App.jsx:90
[ 1123415ms] [ERROR] WebSocket connection to 'ws://localhost:3000/ws/2e81129a-9868-42b0-8876-4826b0e586a5' failed: Connection closed before receiving a handshake response @ http://localhost:3000/src/App.jsx:90
[ 1125460ms] [ERROR] WebSocket connection to 'ws://localhost:3000/ws/2e81129a-9868-42b0-8876-4826b0e586a5' failed: Connection closed before receiving a handshake response @ http://localhost:3000/src/App.jsx:90
[ 1129969ms] [ERROR] WebSocket connection to 'ws://localhost:3000/ws/2e81129a-9868-42b0-8876-4826b0e586a5' failed: Connection closed before receiving a handshake response @ http://localhost:3000/src/App.jsx:90
